1603547905238	geckodriver	INFO	Listening on 127.0.0.1:52541
1603547908321	mozrunner::runner	INFO	Running command: "C:\\Program Files\\Mozilla Firefox\\firefox.exe" "--marionette" "-foreground" "-no-remote" "-profile" "C:\\Users\\90552\\AppData\\Local\\Temp\\rust_mozprofileUQHWwv"
Can't find symbol 'eglSwapBuffersWithDamageEXT'.
JavaScript error: resource://gre/modules/XULStore.jsm, line 66: Error: Can't find profile directory.
console.warn: SearchSettings: "get: No settings file exists, new profile?" (new Error("", "(unknown module)"))
1603547910116	Marionette	INFO	Listening on port 52549
1603547910340	Marionette	WARN	TLS certificate errors will be ignored for this session
1603547991343	Marionette	INFO	Stopped listening on port 52549

###!!! [Child][RunMessage] Error: Channel closing: too late to send/recv, messages will be lost


###!!! [Child][MessageChannel::SendAndWait] Error: Channel error: cannot send/recv

Temp\\rust_mozprofile9mzaBO"
Can't find symbol 'eglSwapBuffersWithDamageEXT'.
JavaScript error: resource://gre/modules/XULStore.jsm, line 66: Error: Can't find profile directory.
console.warn: SearchSettings: "get: No settings file exists, new profile?" (new Error("", "(unknown module)"))
1603547955761	Marionette	INFO	Listening on port 52608
1603547956021	Marionette	WARN	TLS certificate errors will be ignored for this session
1603547969717	Marionette	INFO	Stopped listening on port 52608

###!!! [Child][RunMessage] Error: Channel closing: too late to send/recv, messages will be lost


###!!! [Child][MessageChannel::SendAndWait] Error: Channel error: cannot send/recv

1603549660601	geckodriver	INFO	Listening on 127.0.0.1:52817
1603549663636	mozrunner::runner	INFO	Running command: "C:\\Program Files\\Mozilla Firefox\\firefox.exe" "--marionette" "-foreground" "-no-remote" "-profile" "C:\\Users\\90552\\AppData\\Local\\Temp\\rust_mozprofileh10qR5"
Can't find symbol 'eglSwapBuffersWithDamageEXT'.
JavaScript error: resource://gre/modules/XULStore.jsm, line 66: Error: Can't find profile directory.
console.warn: SearchSettings: "get: No settings file exists, new profile?" (new Error("", "(unknown module)"))
1603549665262	Marionette	INFO	Listening on port 52825
1603549665654	Marionette	WARN	TLS certificate errors will be ignored for this session
1603549694495	Marionette	INFO	Stopped listening on port 52825
[Child 17432, Chrome_ChildThread] WARNING: pipe error: 232: file /builds/worker/checkouts/gecko/ipc/chromium/src/chrome/common/ipc_channel_win.cc, line 545

###!!! [Child][RunMessage] Error: Channel closing: too late to send/recv, messages will be lost


###!!! [Child][MessageChannel::SendAndWait] Error: Channel error: cannot send/recv

1603549880680	geckodriver	INFO	Listening on 127.0.0.1:52885
1603549883726	mozrunner::runner	INFO	Running command: "C:\\Program Files\\Mozilla Firefox\\firefox.exe" "--marionette" "-foreground" "-no-remote" "-profile" "C:\\Users\\90552\\AppData\\Local\\Temp\\rust_mozprofileyD1hpu"
Can't find symbol 'eglSwapBuffersWithDamageEXT'.
JavaScript error: resource://gre/modules/XULStore.jsm, line 66: Error: Can't find profile directory.
console.warn: SearchSettings: "get: No settings file exists, new profile?" (new Error("", "(unknown module)"))
1603549885542	Marionette	INFO	Listening on port 52893
1603549885748	Marionette	WARN	TLS certificate errors will be ignored for this session
console.warn: LoginRecipes: "getRecipes: falling back to a synchronous message for:" "https://twitter.com"
console.error: "Error while calling actor 'pagestyle's method 'getLayout'" "can't access dead object"
console.error: "getLayout@resource://devtools/server/actors/styles.js:996:24\nhandler@resource://devtools/shared/protocol/Actor.js:172:37\nonPacket@resource://devtools/server/devtools-server-connection.js:379:58\nreceiveMessage@resource://devtools/shared/transport/child-transport.js:66:16\n"
console.error: (new Error("Protocol error (TypeError): can't access dead object from: server0.conn0.child2/pagestyle26 (resource://devtools/server/actors/styles.js:996:24)", "resource://devtools/shared/protocol/Front.js", 341))
console.error: (new Error("Protocol error (noSuchActor): No such actor for ID: server0.conn0.child2/domnode342 from: server0.conn0.child2/domnode342", "resource://devtools/shared/protocol/Front.js", 341))
JavaScript error: https://twitter.com/home, line 101: ChunkLoadError: Loading chunk 161 failed.
(error: https://abs.twimg.com/responsive-web/client-web/ondemand.Dropdown.1e9bc215.js)
JavaScript error: https://twitter.com/home, line 101: ChunkLoadError: Loading chunk 0 failed.
(error: https://abs.twimg.com/responsive-web/client-web/sharedCore.4523e665.js)
JavaScript error: https://twitter.com/home, line 101: ChunkLoadError: Loading chunk 0 failed.
(error: https://abs.twimg.com/responsive-web/client-web/sharedCore.4523e665.js)
JavaScript error: https://twitter.com/home, line 101: ChunkLoadError: Loading chunk 0 failed.
(error: https://abs.twimg.com/responsive-web/client-web/sharedCore.4523e665.js)
JavaScript error: https://twitter.com/home, line 101: ChunkLoadError: Loading chunk 0 failed.
(error: https://abs.twimg.com/responsive-web/client-web/sharedCore.4523e665.js)
JavaScript error: https://twitter.com/home, line 101: ChunkLoadError: Loading chunk 48 failed.
(error: https://abs.twimg.com/responsive-web/client-web/bundle.NetworkInstrument.2234ae85.js)
console.error: (new Error("Protocol error (noSuchActor): No such actor for ID: server0.conn0.child2/domnode357 from: server0.conn0.child2/domnode357", "resource://devtools/shared/protocol/Front.js", 341))
JavaScript error: https://twitter.com/home, line 101: ChunkLoadError: Loading chunk 0 failed.
(error: https://abs.twimg.com/responsive-web/client-web/sharedCore.4523e665.js)
JavaScript error: https://twitter.com/home, line 101: ChunkLoadError: Loading chunk 0 failed.
(error: https://abs.twimg.com/responsive-web/client-web/sharedCore.4523e665.js)
JavaScript error: https://twitter.com/home, line 101: ChunkLoadError: Loading chunk 0 failed.
(error: https://abs.twimg.com/responsive-web/client-web/sharedCore.4523e665.js)
JavaScript error: https://twitter.com/home, line 101: ChunkLoadError: Loading chunk 0 failed.
(error: https://abs.twimg.com/responsive-web/client-web/sharedCore.4523e665.js)
JavaScript error: https://twitter.com/home, line 101: ChunkLoadError: Loading chunk 0 failed.
(error: https://abs.twimg.com/responsive-web/client-web/sharedCore.4523e665.js)
JavaScript error: https://twitter.com/home, line 101: ChunkLoadError: Loading chunk 48 failed.
(error: https://abs.twimg.com/responsive-web/client-web/bundle.NetworkInstrument.2234ae85.js)
console.error: (new Error("Protocol error (noSuchActor): No such actor for ID: server0.conn0.child2/domnode372 from: server0.conn0.child2/domnode372", "resource://devtools/shared/protocol/Front.js", 341))
JavaScript error: https://twitter.com/home, line 101: ChunkLoadError: Loading chunk 0 failed.
(error: https://abs.twimg.com/responsive-web/client-web/sharedCore.4523e665.js)
JavaScript error: https://twitter.com/home, line 101: ChunkLoadError: Loading chunk 0 failed.
(error: https://abs.twimg.com/responsive-web/client-web/sharedCore.4523e665.js)
JavaScript error: https://twitter.com/home, line 101: ChunkLoadError: Loading chunk 0 failed.
(error: https://abs.twimg.com/responsive-web/client-web/sharedCore.4523e665.js)
JavaScript error: https://twitter.com/home, line 101: ChunkLoadError: Loading chunk 0 failed.
(error: https://abs.twimg.com/responsive-web/client-web/sharedCore.4523e665.js)
JavaScript error: https://twitter.com/home, line 101: ChunkLoadError: Loading chunk 0 failed.
(error: https://abs.twimg.com/responsive-web/client-web/sharedCore.4523e665.js)
JavaScript error: https://twitter.com/home, line 101: ChunkLoadError: Loading chunk 0 failed.
(error: https://abs.twimg.com/responsive-web/client-web/sharedCore.4523e665.js)
JavaScript error: https://twitter.com/home, line 101: ChunkLoadError: Loading chunk 48 failed.
(error: https://abs.twimg.com/responsive-web/client-web/bundle.NetworkInstrument.2234ae85.js)
console.error: "Error writing response to: querySelector"
console.error: "Error while calling actor 'domwalker's method 'querySelector'" "Component returned failure code: 0x80070057 (NS_ERROR_ILLEGAL_VALUE) [nsIEventListenerService.getListenerInfoFor]"
console.error: "getDOMListeners@resource://devtools/server/actors/inspector/event-collector.js:266:22\ngetListeners@resource://devtools/server/actors/inspector/event-collector.js:334:28\nhasListeners@resource://devtools/server/actors/inspector/event-collector.js:227:17\nhasEventListeners@resource://devtools/server/actors/inspector/event-collector.js:800:21\nget _hasEventListeners@resource://devtools/server/actors/inspector/node.js:390:33\nform@resource://devtools/server/actors/inspector/node.js:212:7\nwrite@resource://devtools/shared/protocol/types.js:363:32\ntypes.addArrayType/write/<@resource://devtools/shared/protocol/types.js:220:33\nwrite@resource://devtools/shared/protocol/types.js:220:16\nwrite@resource://devtools/shared/protocol/types.js:268:39\nwrite@resource://devtools/shared/protocol/Response.js:102:22\nwrite@resource://devtools/shared/protocol/Response.js:47:28\nsendReturn@resource://devtools/shared/protocol/Actor.js:189:38\n"
console.error: (new Error("Protocol error (NS_ERROR_ILLEGAL_VALUE): Component returned failure code: 0x80070057 (NS_ERROR_ILLEGAL_VALUE) [nsIEventListenerService.getListenerInfoFor] from: server0.conn0.child2/domwalker24 (resource://devtools/server/actors/inspector/event-collector.js:266:0)", "resource://devtools/shared/protocol/Front.js", 341))
console.warn: "Got a mutation for an unexpected actor: server0.conn0.child2/domnode388, please file a bug on bugzilla.mozilla.org!"
console.trace: 
resource://devtools/client/fronts/walker.js 276 getMutations
1603550203701	Marionette	INFO	Stopped listening on port 52893

###!!! [Child][RunMessage] Error: Channel closing: too late to send/recv, messages will be lost


###!!! [Child][MessageChannel::SendAndWait] Error: Channel error: cannot send/recv

1603550211005	geckodriver	INFO	Listening on 127.0.0.1:53040
1603550214049	mozrunner::runner	INFO	Running command: "C:\\Program Files\\Mozilla Firefox\\firefox.exe" "--marionette" "-foreground" "-no-remote" "-profile" "C:\\Users\\90552\\AppData\\Local\\Temp\\rust_mozprofilehDMFWV"
Can't find symbol 'eglSwapBuffersWithDamageEXT'.
JavaScript error: resource://gre/modules/XULStore.jsm, line 66: Error: Can't find profile directory.
console.warn: SearchSettings: "get: No settings file exists, new profile?" (new Error("", "(unknown module)"))
1603550215749	Marionette	INFO	Listening on port 53048
1603550216067	Marionette	WARN	TLS certificate errors will be ignored for this session
console.warn: LoginRecipes: "getRecipes: falling back to a synchronous message for:" "https://twitter.com"
console.warn: LoginRecipes: "getRecipes: falling back to a synchronous message for:" "https://twitter.com"
console.warn: LoginRecipes: "getRecipes: falling back to a synchronous message for:" "https://twitter.com"
console.error: (new TypeError("parent is null", "resource://devtools/client/inspector/shared/style-change-tracker.js", 67))
TypeError: parent is null: canMutationImpactCurrentStyles@resource://devtools/client/inspector/shared/style-change-tracker.js:67:24
onMutations@resource://devtools/client/inspector/shared/style-change-tracker.js:84:41
_emit@resource://devtools/shared/event-emitter.js:226:34
emit@resource://devtools/shared/event-emitter.js:172:18
emit@resource://devtools/shared/event-emitter.js:324:18
getMutations@resource://devtools/client/fronts/walker.js:405:10

1603550975561	Marionette	INFO	Stopped listening on port 53048

###!!! [Child][RunMessage] Error: Channel closing: too late to send/recv, messages will be lost


###!!! [Child][MessageChannel::SendAndWait] Error: Channel error: cannot send/recv

ill be lost


###!!! [Child][MessageChannel::SendAndWait] Error: Channel error: cannot send/recv

1603550533107	geckodriver	INFO	Listening on 127.0.0.1:53222
1603550536153	mozrunner::runner	INFO	Running command: "C:\\Program Files\\Mozilla Firefox\\firefox.exe" "--marionette" "-foreground" "-no-remote" "-profile" "C:\\Users\\90552\\AppData\\Local\\Temp\\rust_mozprofile9fszMQ"
Can't find symbol 'eglSwapBuffersWithDamageEXT'.
JavaScript error: resource://gre/modules/XULStore.jsm, line 66: Error: Can't find profile directory.
console.warn: SearchSettings: "get: No settings file exists, new profile?" (new Error("", "(unknown module)"))
1603550537932	Marionette	INFO	Listening on port 53230
1603550538182	Marionette	WARN	TLS certificate errors will be ignored for this session
1603551166402	Marionette	INFO	Stopped listening on port 53230

###!!! [Child][RunMessage] Error: Channel closing: too late to send/recv, messages will be lost


###!!! [Child][MessageChannel::SendAndWait] Error: Channel error: cannot send/recv

Temp\\rust_mozprofileYggYGe"
Can't find symbol 'eglSwapBuffersWithDamageEXT'.
JavaScript error: resource://gre/modules/XULStore.jsm, line 66: Error: Can't find profile directory.
console.warn: SearchSettings: "get: No settings file exists, new profile?" (new Error("", "(unknown module)"))
1603550720161	Marionette	INFO	Listening on port 53331
1603550720394	Marionette	WARN	TLS certificate errors will be ignored for this session
1603550979944	Marionette	INFO	Stopped listening on port 53331

###!!! [Child][RunMessage] Error: Channel closing: too late to send/recv, messages will be lost


###!!! [Child][MessageChannel::SendAndWait] Error: Channel error: cannot send/recv

1603555094991	geckodriver	INFO	Listening on 127.0.0.1:53974
1603555098037	mozrunner::runner	INFO	Running command: "C:\\Program Files\\Mozilla Firefox\\firefox.exe" "--marionette" "-foreground" "-no-remote" "-profile" "C:\\Users\\90552\\AppData\\Local\\Temp\\rust_mozprofileLVmTYZ"
Can't find symbol 'eglSwapBuffersWithDamageEXT'.
JavaScript error: resource://gre/modules/XULStore.jsm, line 66: Error: Can't find profile directory.
console.warn: SearchSettings: "get: No settings file exists, new profile?" (new Error("", "(unknown module)"))
1603555099965	Marionette	INFO	Listening on port 53982
1603555100059	Marionette	WARN	TLS certificate errors will be ignored for this session
1603555122125	Marionette	INFO	Stopped listening on port 53982

###!!! [Child][MessageChannel::SendAndWait] Error: Channel error: cannot send/recv

1603555183184	geckodriver	INFO	Listening on 127.0.0.1:54037
1603555186228	mozrunner::runner	INFO	Running command: "C:\\Program Files\\Mozilla Firefox\\firefox.exe" "--marionette" "-foreground" "-no-remote" "-profile" "C:\\Users\\90552\\AppData\\Local\\Temp\\rust_mozprofileBjjHBj"
Can't find symbol 'eglSwapBuffersWithDamageEXT'.
JavaScript error: resource://gre/modules/XULStore.jsm, line 66: Error: Can't find profile directory.
console.warn: SearchSettings: "get: No settings file exists, new profile?" (new Error("", "(unknown module)"))
1603555188007	Marionette	INFO	Listening on port 54045
1603555188247	Marionette	WARN	TLS certificate errors will be ignored for this session
1603555217837	Marionette	INFO	Stopped listening on port 54045

###!!! [Child][RunMessage] Error: Channel closing: too late to send/recv, messages will be lost


###!!! [Child][MessageChannel::SendAndWait] Error: Channel error: cannot send/recv

1603555228145	geckodriver	INFO	Listening on 127.0.0.1:54104
1603555231190	mozrunner::runner	INFO	Running command: "C:\\Program Files\\Mozilla Firefox\\firefox.exe" "--marionette" "-foreground" "-no-remote" "-profile" "C:\\Users\\90552\\AppData\\Local\\Temp\\rust_mozprofilexC68Jv"
Can't find symbol 'eglSwapBuffersWithDamageEXT'.
JavaScript error: resource://gre/modules/XULStore.jsm, line 66: Error: Can't find profile directory.
console.warn: SearchSettings: "get: No settings file exists, new profile?" (new Error("", "(unknown module)"))
1603555232848	Marionette	INFO	Listening on port 54112
1603555233208	Marionette	WARN	TLS certificate errors will be ignored for this session
1603555410811	Marionette	INFO	Stopped listening on port 54112

###!!! [Child][RunMessage] Error: Channel closing: too late to send/recv, messages will be lost


###!!! [Child][MessageChannel::SendAndWait] Error: Channel error: cannot send/recv

1603556678117	geckodriver	INFO	Listening on 127.0.0.1:54661
1603556681162	mozrunner::runner	INFO	Running command: "C:\\Program Files\\Mozilla Firefox\\firefox.exe" "--marionette" "-foreground" "-no-remote" "-profile" "C:\\Users\\90552\\AppData\\Local\\Temp\\rust_mozprofile8Vnac7"
Can't find symbol 'eglSwapBuffersWithDamageEXT'.
JavaScript error: resource://gre/modules/XULStore.jsm, line 66: Error: Can't find profile directory.
console.warn: SearchSettings: "get: No settings file exists, new profile?" (new Error("", "(unknown module)"))
1603556683603	Marionette	INFO	Listening on port 54672
1603556683860	Marionette	WARN	TLS certificate errors will be ignored for this session
1603556793125	Marionette	INFO	Stopped listening on port 54672

###!!! [Child][RunMessage] Error: Channel closing: too late to send/recv, messages will be lost


###!!! [Child][MessageChannel::SendAndWait] Error: Channel error: cannot send/recv

1603556836539	geckodriver	INFO	Listening on 127.0.0.1:54746
1603556839586	mozrunner::runner	INFO	Running command: "C:\\Program Files\\Mozilla Firefox\\firefox.exe" "--marionette" "-foreground" "-no-remote" "-profile" "C:\\Users\\90552\\AppData\\Local\\Temp\\rust_mozprofilerV5Lee"
Can't find symbol 'eglSwapBuffersWithDamageEXT'.
JavaScript error: resource://gre/modules/XULStore.jsm, line 66: Error: Can't find profile directory.
console.warn: SearchSettings: "get: No settings file exists, new profile?" (new Error("", "(unknown module)"))
1603556841690	Marionette	INFO	Listening on port 54754
1603556841719	Marionette	WARN	TLS certificate errors will be ignored for this session
console.warn: LoginRecipes: "getRecipes: falling back to a synchronous message for:" "https://twitter.com"
1603557315733	Marionette	INFO	Stopped listening on port 54754

###!!! [Child][RunMessage] Error: Channel closing: too late to send/recv, messages will be lost


###!!! [Child][MessageChannel::SendAndWait] Error: Channel error: cannot send/recv

Temp\\rust_mozprofilemDK2v8"
Can't find symbol 'eglSwapBuffersWithDamageEXT'.
JavaScript error: resource://gre/modules/XULStore.jsm, line 66: Error: Can't find profile directory.
console.warn: SearchSettings: "get: No settings file exists, new profile?" (new Error("", "(unknown module)"))
1603557317046	Marionette	INFO	Listening on port 54894
1603557317199	Marionette	WARN	TLS certificate errors will be ignored for this session
1603558186842	Marionette	INFO	Stopped listening on port 54894

###!!! [Child][MessageChannel::SendAndWait] Error: Channel error: cannot send/recv

1603558263659	geckodriver	INFO	Listening on 127.0.0.1:55055
1603558266707	mozrunner::runner	INFO	Running command: "C:\\Program Files\\Mozilla Firefox\\firefox.exe" "--marionette" "-foreground" "-no-remote" "-profile" "C:\\Users\\90552\\AppData\\Local\\Temp\\rust_mozprofileseLcGP"
Can't find symbol 'eglSwapBuffersWithDamageEXT'.
JavaScript error: resource://gre/modules/XULStore.jsm, line 66: Error: Can't find profile directory.
console.warn: SearchSettings: "get: No settings file exists, new profile?" (new Error("", "(unknown module)"))
1603558268793	Marionette	INFO	Listening on port 55063
1603558268843	Marionette	WARN	TLS certificate errors will be ignored for this session
1603559106170	Marionette	INFO	Stopped listening on port 55063

###!!! [Child][RunMessage] Error: Channel closing: too late to send/recv, messages will be lost


###!!! [Child][MessageChannel::SendAndWait] Error: Channel error: cannot send/recv

Temp\\rust_mozprofileQouGCW"
Can't find symbol 'eglSwapBuffersWithDamageEXT'.
JavaScript error: resource://gre/modules/XULStore.jsm, line 66: Error: Can't find profile directory.
console.warn: SearchSettings: "get: No settings file exists, new profile?" (new Error("", "(unknown module)"))
1603558533594	Marionette	INFO	Listening on port 55155
1603558534031	Marionette	WARN	TLS certificate errors will be ignored for this session
1603558556778	Marionette	INFO	Stopped listening on port 55155

###!!! [Child][RunMessage] Error: Channel closing: too late to send/recv, messages will be lost


###!!! [Child][MessageChannel::SendAndWait] Error: Channel error: cannot send/recv

1603558580491	geckodriver	INFO	Listening on 127.0.0.1:55225
1603558583537	mozrunner::runner	INFO	Running command: "C:\\Program Files\\Mozilla Firefox\\firefox.exe" "--marionette" "-foreground" "-no-remote" "-profile" "C:\\Users\\90552\\AppData\\Local\\Temp\\rust_mozprofiledC321L"
Can't find symbol 'eglSwapBuffersWithDamageEXT'.
JavaScript error: resource://gre/modules/XULStore.jsm, line 66: Error: Can't find profile directory.
console.warn: SearchSettings: "get: No settings file exists, new profile?" (new Error("", "(unknown module)"))
1603558585751	Marionette	INFO	Listening on port 55236
1603558586165	Marionette	WARN	TLS certificate errors will be ignored for this session
1603558608193	Marionette	INFO	Stopped listening on port 55236

###!!! [Child][RunMessage] Error: Channel closing: too late to send/recv, messages will be lost


###!!! [Child][MessageChannel::SendAndWait] Error: Channel error: cannot send/recv

1603558632467	geckodriver	INFO	Listening on 127.0.0.1:55304
1603558635517	mozrunner::runner	INFO	Running command: "C:\\Program Files\\Mozilla Firefox\\firefox.exe" "--marionette" "-foreground" "-no-remote" "-profile" "C:\\Users\\90552\\AppData\\Local\\Temp\\rust_mozprofilemcg41v"
Can't find symbol 'eglSwapBuffersWithDamageEXT'.
JavaScript error: resource://gre/modules/XULStore.jsm, line 66: Error: Can't find profile directory.
console.warn: SearchSettings: "get: No settings file exists, new profile?" (new Error("", "(unknown module)"))
1603558637704	Marionette	INFO	Listening on port 55312
1603558638139	Marionette	WARN	TLS certificate errors will be ignored for this session
1603558660192	Marionette	INFO	Stopped listening on port 55312

###!!! [Child][RunMessage] Error: Channel closing: too late to send/recv, messages will be lost


###!!! [Child][MessageChannel::SendAndWait] Error: Channel error: cannot send/recv

1603558937655	geckodriver	INFO	Listening on 127.0.0.1:55414
1603558940702	mozrunner::runner	INFO	Running command: "C:\\Program Files\\Mozilla Firefox\\firefox.exe" "--marionette" "-foreground" "-no-remote" "-profile" "C:\\Users\\90552\\AppData\\Local\\Temp\\rust_mozprofileCEH0lX"
Can't find symbol 'eglSwapBuffersWithDamageEXT'.
JavaScript error: resource://gre/modules/XULStore.jsm, line 66: Error: Can't find profile directory.
console.warn: SearchSettings: "get: No settings file exists, new profile?" (new Error("", "(unknown module)"))
1603558943011	Marionette	INFO	Listening on port 55425
1603558943325	Marionette	WARN	TLS certificate errors will be ignored for this session
console.error: "Error while calling actor 'pagestyle's method 'getLayout'" "node is null"
console.error: "getLayout@resource://devtools/server/actors/styles.js:989:5\nhandler@resource://devtools/shared/protocol/Actor.js:172:37\nonPacket@resource://devtools/server/devtools-server-connection.js:379:58\nreceiveMessage@resource://devtools/shared/transport/child-transport.js:66:16\n"
console.error: (new TypeError("parent is null", "resource://devtools/client/inspector/shared/style-change-tracker.js", 67))
TypeError: parent is null: canMutationImpactCurrentStyles@resource://devtools/client/inspector/shared/style-change-tracker.js:67:24
onMutations@resource://devtools/client/inspector/shared/style-change-tracker.js:84:41
_emit@resource://devtools/shared/event-emitter.js:226:34
emit@resource://devtools/shared/event-emitter.js:172:18
emit@resource://devtools/shared/event-emitter.js:324:18
getMutations@resource://devtools/client/fronts/walker.js:405:10

console.error: "Error while calling actor 'pagestyle's method 'getApplied'" "node is null"
console.error: "getApplied@resource://devtools/server/actors/styles.js:566:5\nhandler@resource://devtools/shared/protocol/Actor.js:172:37\nonPacket@resource://devtools/server/devtools-server-connection.js:379:58\nreceiveMessage@resource://devtools/shared/transport/child-transport.js:66:16\n"
console.error: (new Error("Protocol error (TypeError): node is null from: server0.conn0.child2/pagestyle26 (resource://devtools/server/actors/styles.js:989:5)", "resource://devtools/shared/protocol/Front.js", 341))
1603559105414	Marionette	INFO	Stopped listening on port 55425

###!!! [Child][RunMessage] Error: Channel closing: too late to send/recv, messages will be lost


###!!! [Child][MessageChannel::SendAndWait] Error: Channel error: cannot send/recv

Temp\\rust_mozprofileIBucdS"
Can't find symbol 'eglSwapBuffersWithDamageEXT'.
JavaScript error: resource://gre/modules/XULStore.jsm, line 66: Error: Can't find profile directory.
console.warn: SearchSettings: "get: No settings file exists, new profile?" (new Error("", "(unknown module)"))
1603559042265	Marionette	INFO	Listening on port 55514
1603559042586	Marionette	WARN	TLS certificate errors will be ignored for this session
1603559111026	Marionette	INFO	Stopped listening on port 55514

###!!! [Child][MessageChannel::SendAndWait] Error: Channel error: cannot send/recv

1603559184944	geckodriver	INFO	Listening on 127.0.0.1:55596
1603559187990	mozrunner::runner	INFO	Running command: "C:\\Program Files\\Mozilla Firefox\\firefox.exe" "--marionette" "-foreground" "-no-remote" "-profile" "C:\\Users\\90552\\AppData\\Local\\Temp\\rust_mozprofilekiPbQH"
Can't find symbol 'eglSwapBuffersWithDamageEXT'.
JavaScript error: resource://gre/modules/XULStore.jsm, line 66: Error: Can't find profile directory.
console.warn: SearchSettings: "get: No settings file exists, new profile?" (new Error("", "(unknown module)"))
1603559190057	Marionette	INFO	Listening on port 55604
1603559190115	Marionette	WARN	TLS certificate errors will be ignored for this session
console.warn: LoginRecipes: "getRecipes: falling back to a synchronous message for:" "https://twitter.com"
console.warn: LoginRecipes: "getRecipes: falling back to a synchronous message for:" "https://twitter.com"
console.warn: LoginRecipes: "getRecipes: falling back to a synchronous message for:" "https://twitter.com"
console.warn: LoginRecipes: "getRecipes: falling back to a synchronous message for:" "https://twitter.com"
console.warn: LoginRecipes: "getRecipes: falling back to a synchronous message for:" "https://twitter.com"
console.warn: LoginRecipes: "getRecipes: falling back to a synchronous message for:" "https://twitter.com"
1603559779258	Marionette	INFO	Stopped listening on port 55604

###!!! [Child][RunMessage] Error: Channel closing: too late to send/recv, messages will be lost


###!!! [Child][MessageChannel::SendAndWait] Error: Channel error: cannot send/recv

Temp\\rust_mozprofile1jAqOU"
Can't find symbol 'eglSwapBuffersWithDamageEXT'.
JavaScript error: resource://gre/modules/XULStore.jsm, line 66: Error: Can't find profile directory.
console.warn: SearchSettings: "get: No settings file exists, new profile?" (new Error("", "(unknown module)"))
1603559587767	Marionette	INFO	Listening on port 55715
1603559588199	Marionette	WARN	TLS certificate errors will be ignored for this session
1603559636962	Marionette	INFO	Stopped listening on port 55715

###!!! [Child][RunMessage] Error: Channel closing: too late to send/recv, messages will be lost


###!!! [Child][MessageChannel::SendAndWait] Error: Channel error: cannot send/recv

1603559699652	geckodriver	INFO	Listening on 127.0.0.1:55793
1603559702700	mozrunner::runner	INFO	Running command: "C:\\Program Files\\Mozilla Firefox\\firefox.exe" "--marionette" "-foreground" "-no-remote" "-profile" "C:\\Users\\90552\\AppData\\Local\\Temp\\rust_mozprofileyUqOgV"
Can't find symbol 'eglSwapBuffersWithDamageEXT'.
JavaScript error: resource://gre/modules/XULStore.jsm, line 66: Error: Can't find profile directory.
console.warn: SearchSettings: "get: No settings file exists, new profile?" (new Error("", "(unknown module)"))
1603559704733	Marionette	INFO	Listening on port 55803
1603559704825	Marionette	WARN	TLS certificate errors will be ignored for this session
1603559727584	Marionette	INFO	Stopped listening on port 55803

###!!! [Child][RunMessage] Error: Channel closing: too late to send/recv, messages will be lost


###!!! [Child][MessageChannel::SendAndWait] Error: Channel error: cannot send/recv

1603559806071	geckodriver	INFO	Listening on 127.0.0.1:55881
1603559809117	mozrunner::runner	INFO	Running command: "C:\\Program Files\\Mozilla Firefox\\firefox.exe" "--marionette" "-foreground" "-no-remote" "-profile" "C:\\Users\\90552\\AppData\\Local\\Temp\\rust_mozprofileilrm3v"
Can't find symbol 'eglSwapBuffersWithDamageEXT'.
JavaScript error: resource://gre/modules/XULStore.jsm, line 66: Error: Can't find profile directory.
console.warn: SearchSettings: "get: No settings file exists, new profile?" (new Error("", "(unknown module)"))
1603559811304	Marionette	INFO	Listening on port 55889
1603559811748	Marionette	WARN	TLS certificate errors will be ignored for this session
1603560196654	Marionette	INFO	Stopped listening on port 55889

###!!! [Child][RunMessage] Error: Channel closing: too late to send/recv, messages will be lost


###!!! [Child][MessageChannel::SendAndWait] Error: Channel error: cannot send/recv

Temp\\rust_mozprofilePxwSTl"
Can't find symbol 'eglSwapBuffersWithDamageEXT'.
JavaScript error: resource://gre/modules/XULStore.jsm, line 66: Error: Can't find profile directory.
console.warn: SearchSettings: "get: No settings file exists, new profile?" (new Error("", "(unknown module)"))
1603559878036	Marionette	INFO	Listening on port 55984
1603559878099	Marionette	WARN	TLS certificate errors will be ignored for this session
1603559900601	Marionette	INFO	Stopped listening on port 55984

###!!! [Child][MessageChannel] Error: (msgtype=0x690027,name=PNecko::Msg_RemoveRequestContext) Channel closing: too late to send/recv, messages will be lost


###!!! [Child][RunMessage] Error: Channel closing: too late to send/recv, messages will be lost


###!!! [Child][MessageChannel::SendAndWait] Error: Channel error: cannot send/recv

1603559909496	geckodriver	INFO	Listening on 127.0.0.1:56053
1603559912541	mozrunner::runner	INFO	Running command: "C:\\Program Files\\Mozilla Firefox\\firefox.exe" "--marionette" "-foreground" "-no-remote" "-profile" "C:\\Users\\90552\\AppData\\Local\\Temp\\rust_mozprofileJr445g"
Can't find symbol 'eglSwapBuffersWithDamageEXT'.
JavaScript error: resource://gre/modules/XULStore.jsm, line 66: Error: Can't find profile directory.
console.warn: SearchSettings: "get: No settings file exists, new profile?" (new Error("", "(unknown module)"))
1603559914642	Marionette	INFO	Listening on port 56061
1603559914666	Marionette	WARN	TLS certificate errors will be ignored for this session
1603559937602	Marionette	INFO	Stopped listening on port 56061

###!!! [Child][MessageChannel] Error: (msgtype=0x59000E,name=PHttpChannel::Msg___delete__) Channel closing: too late to send/recv, messages will be lost


###!!! [Child][RunMessage] Error: Channel closing: too late to send/recv, messages will be lost


###!!! [Child][MessageChannel::SendAndWait] Error: Channel error: cannot send/recv

1603559964630	geckodriver	INFO	Listening on 127.0.0.1:56133
1603559967675	mozrunner::runner	INFO	Running command: "C:\\Program Files\\Mozilla Firefox\\firefox.exe" "--marionette" "-foreground" "-no-remote" "-profile" "C:\\Users\\90552\\AppData\\Local\\Temp\\rust_mozprofileAsItxH"
Can't find symbol 'eglSwapBuffersWithDamageEXT'.
JavaScript error: resource://gre/modules/XULStore.jsm, line 66: Error: Can't find profile directory.
console.warn: SearchSettings: "get: No settings file exists, new profile?" (new Error("", "(unknown module)"))
1603559969757	Marionette	INFO	Listening on port 56141
1603559969809	Marionette	WARN	TLS certificate errors will be ignored for this session
1603560195351	Marionette	INFO	Stopped listening on port 56141

###!!! [Child][RunMessage] Error: Channel closing: too late to send/recv, messages will be lost


###!!! [Child][MessageChannel::SendAndWait] Error: Channel error: cannot send/recv

Temp\\rust_mozprofileIYqfgp"
Can't find symbol 'eglSwapBuffersWithDamageEXT'.
JavaScript error: resource://gre/modules/XULStore.jsm, line 66: Error: Can't find profile directory.
console.warn: SearchSettings: "get: No settings file exists, new profile?" (new Error("", "(unknown module)"))
1603560062122	Marionette	INFO	Listening on port 56216
1603560062566	Marionette	WARN	TLS certificate errors will be ignored for this session
1603560195867	Marionette	INFO	Stopped listening on port 56216

###!!! [Child][RunMessage] Error: Channel closing: too late to send/recv, messages will be lost


###!!! [Child][MessageChannel::SendAndWait] Error: Channel error: cannot send/recv

Temp\\rust_mozprofileYd5QJq"
Can't find symbol 'eglSwapBuffersWithDamageEXT'.
JavaScript error: resource://gre/modules/XULStore.jsm, line 66: Error: Can't find profile directory.
console.warn: SearchSettings: "get: No settings file exists, new profile?" (new Error("", "(unknown module)"))
1603560108755	Marionette	INFO	Listening on port 56295
1603560109201	Marionette	WARN	TLS certificate errors will be ignored for this session
console.warn: LoginRecipes: "getRecipes: falling back to a synchronous message for:" "https://twitter.com"
1603560193055	Marionette	INFO	Stopped listening on port 56295

###!!! [Child][MessageChannel::SendAndWait] Error: Channel error: cannot send/recv

1603560362595	geckodriver	INFO	Listening on 127.0.0.1:56457
1603560365643	mozrunner::runner	INFO	Running command: "C:\\Program Files\\Mozilla Firefox\\firefox.exe" "--marionette" "-foreground" "-no-remote" "-profile" "C:\\Users\\90552\\AppData\\Local\\Temp\\rust_mozprofileUlr5GT"
Can't find symbol 'eglSwapBuffersWithDamageEXT'.
JavaScript error: resource://gre/modules/XULStore.jsm, line 66: Error: Can't find profile directory.
console.warn: SearchSettings: "get: No settings file exists, new profile?" (new Error("", "(unknown module)"))
1603560367469	Marionette	INFO	Listening on port 56465
1603560367668	Marionette	WARN	TLS certificate errors will be ignored for this session
console.warn: LoginRecipes: "getRecipes: falling back to a synchronous message for:" "https://twitter.com"
console.error: (new TypeError("parent is null", "resource://devtools/client/inspector/shared/style-change-tracker.js", 67))
TypeError: parent is null: canMutationImpactCurrentStyles@resource://devtools/client/inspector/shared/style-change-tracker.js:67:24
onMutations@resource://devtools/client/inspector/shared/style-change-tracker.js:84:41
_emit@resource://devtools/shared/event-emitter.js:226:34
emit@resource://devtools/shared/event-emitter.js:172:18
emit@resource://devtools/shared/event-emitter.js:324:18
getMutations@resource://devtools/client/fronts/walker.js:405:10

console.error: (new TypeError("parent is null", "resource://devtools/client/inspector/shared/style-change-tracker.js", 67))
TypeError: parent is null: canMutationImpactCurrentStyles@resource://devtools/client/inspector/shared/style-change-tracker.js:67:24
onMutations@resource://devtools/client/inspector/shared/style-change-tracker.js:84:41
_emit@resource://devtools/shared/event-emitter.js:226:34
emit@resource://devtools/shared/event-emitter.js:172:18
emit@resource://devtools/shared/event-emitter.js:324:18
getMutations@resource://devtools/client/fronts/walker.js:405:10

1603562181596	Marionette	INFO	Stopped listening on port 56465

###!!! [Child][RunMessage] Error: Channel closing: too late to send/recv, messages will be lost


###!!! [Child][MessageChannel::SendAndWait] Error: Channel error: cannot send/recv

file exists, new profile?" (new Error("", "(unknown module)"))
1603560736397	Marionette	INFO	Listening on port 56637
1603560736437	Marionette	WARN	TLS certificate errors will be ignored for this session
1603560758955	Marionette	INFO	Stopped listening on port 56637

###!!! [Child][RunMessage] Error: Channel closing: too late to send/recv, messages will be lost


###!!! [Child][MessageChannel::SendAndWait] Error: Channel error: cannot send/recv

1603561274907	geckodriver	INFO	Listening on 127.0.0.1:56742
1603561277953	mozrunner::runner	INFO	Running command: "C:\\Program Files\\Mozilla Firefox\\firefox.exe" "--marionette" "-foreground" "-no-remote" "-profile" "C:\\Users\\90552\\AppData\\Local\\Temp\\rust_mozprofileA0PrFt"
Can't find symbol 'eglSwapBuffersWithDamageEXT'.
JavaScript error: resource://gre/modules/XULStore.jsm, line 66: Error: Can't find profile directory.
console.warn: SearchSettings: "get: No settings file exists, new profile?" (new Error("", "(unknown module)"))
1603561279939	Marionette	INFO	Listening on port 56750
1603561279982	Marionette	WARN	TLS certificate errors will be ignored for this session
1603561300024	Marionette	INFO	Stopped listening on port 56750

###!!! [Child][RunMessage] Error: Channel closing: too late to send/recv, messages will be lost


###!!! [Child][MessageChannel::SendAndWait] Error: Channel error: cannot send/recv

1603561623959	geckodriver	INFO	Listening on 127.0.0.1:56954
1603561627002	mozrunner::runner	INFO	Running command: "C:\\Program Files\\Mozilla Firefox\\firefox.exe" "--marionette" "-foreground" "-no-remote" "-profile" "C:\\Users\\90552\\AppData\\Local\\Temp\\rust_mozprofilepBDnf1"
Can't find symbol 'eglSwapBuffersWithDamageEXT'.
JavaScript error: resource://gre/modules/XULStore.jsm, line 66: Error: Can't find profile directory.
console.warn: SearchSettings: "get: No settings file exists, new profile?" (new Error("", "(unknown module)"))
1603561628904	Marionette	INFO	Listening on port 56963
1603561629026	Marionette	WARN	TLS certificate errors will be ignored for this session
[Child 11244, MediaDecoderStateMachine #1] WARNING: Decoder=2242531d400 Decode error: NS_ERROR_DOM_MEDIA_FATAL_ERR (0x806e0005) - RefPtr<MediaSourceTrackDemuxer::SamplesPromise> __cdecl mozilla::MediaSourceTrackDemuxer::DoGetSamples(int32_t): manager is detached.: file /builds/worker/checkouts/gecko/dom/media/MediaDecoderStateMachine.cpp, line 3471
[Child 11244, MediaDecoderStateMachine #1] WARNING: Decoder=2242531d400 Decode error: NS_ERROR_DOM_MEDIA_FATAL_ERR (0x806e0005) - RefPtr<MediaSourceTrackDemuxer::SamplesPromise> __cdecl mozilla::MediaSourceTrackDemuxer::DoGetSamples(int32_t): manager is detached.: file /builds/worker/checkouts/gecko/dom/media/MediaDecoderStateMachine.cpp, line 3471
1603561663606	Marionette	INFO	Stopped listening on port 56963

###!!! [Child][RunMessage] Error: Channel closing: too late to send/recv, messages will be lost


###!!! [Child][MessageChannel::SendAndWait] Error: Channel error: cannot send/recv

1603561785251	geckodriver	INFO	Listening on 127.0.0.1:57043
1603561788297	mozrunner::runner	INFO	Running command: "C:\\Program Files\\Mozilla Firefox\\firefox.exe" "--marionette" "-foreground" "-no-remote" "-profile" "C:\\Users\\90552\\AppData\\Local\\Temp\\rust_mozprofileiwMMnO"
Can't find symbol 'eglSwapBuffersWithDamageEXT'.
JavaScript error: resource://gre/modules/XULStore.jsm, line 66: Error: Can't find profile directory.
console.warn: SearchSettings: "get: No settings file exists, new profile?" (new Error("", "(unknown module)"))
1603561790116	Marionette	INFO	Listening on port 57051
1603561790317	Marionette	WARN	TLS certificate errors will be ignored for this session
1603562175619	Marionette	INFO	Stopped listening on port 57051

###!!! [Child][RunMessage] Error: Channel closing: too late to send/recv, messages will be lost


###!!! [Child][MessageChannel::SendAndWait] Error: Channel error: cannot send/recv

Temp\\rust_mozprofilehY53T4"
Can't find symbol 'eglSwapBuffersWithDamageEXT'.
JavaScript error: resource://gre/modules/XULStore.jsm, line 66: Error: Can't find profile directory.
console.warn: SearchSettings: "get: No settings file exists, new profile?" (new Error("", "(unknown module)"))
1603561924938	Marionette	INFO	Listening on port 57136
1603561925211	Marionette	WARN	TLS certificate errors will be ignored for this session
1603561968591	Marionette	INFO	Stopped listening on port 57136

###!!! [Child][RunMessage] Error: Channel closing: too late to send/recv, messages will be lost


###!!! [Child][MessageChannel::SendAndWait] Error: Channel error: cannot send/recv

1603562232674	geckodriver	INFO	Listening on 127.0.0.1:57226
1603562235720	mozrunner::runner	INFO	Running command: "C:\\Program Files\\Mozilla Firefox\\firefox.exe" "--marionette" "-foreground" "-no-remote" "-profile" "C:\\Users\\90552\\AppData\\Local\\Temp\\rust_mozprofileH5H3FQ"
Can't find symbol 'eglSwapBuffersWithDamageEXT'.
JavaScript error: resource://gre/modules/XULStore.jsm, line 66: Error: Can't find profile directory.
console.warn: SearchSettings: "get: No settings file exists, new profile?" (new Error("", "(unknown module)"))
1603562237659	Marionette	INFO	Listening on port 57234
1603562237753	Marionette	WARN	TLS certificate errors will be ignored for this session
1603562270403	Marionette	INFO	Stopped listening on port 57234

###!!! [Child][RunMessage] Error: Channel closing: too late to send/recv, messages will be lost


###!!! [Child][MessageChannel::SendAndWait] Error: Channel error: cannot send/recv

1603562332704	geckodriver	INFO	Listening on 127.0.0.1:57324
1603562335752	mozrunner::runner	INFO	Running command: "C:\\Program Files\\Mozilla Firefox\\firefox.exe" "--marionette" "-foreground" "-no-remote" "-profile" "C:\\Users\\90552\\AppData\\Local\\Temp\\rust_mozprofileNRVRbw"
Can't find symbol 'eglSwapBuffersWithDamageEXT'.
JavaScript error: resource://gre/modules/XULStore.jsm, line 66: Error: Can't find profile directory.
console.warn: SearchSettings: "get: No settings file exists, new profile?" (new Error("", "(unknown module)"))
1603562337438	Marionette	INFO	Listening on port 57332
1603562337780	Marionette	WARN	TLS certificate errors will be ignored for this session
1603562373603	Marionette	INFO	Stopped listening on port 57332

###!!! [Child][RunMessage] Error: Channel closing: too late to send/recv, messages will be lost


###!!! [Child][MessageChannel::SendAndWait] Error: Channel error: cannot send/recv

1603562395579	geckodriver	INFO	Listening on 127.0.0.1:57398
1603562398624	mozrunner::runner	INFO	Running command: "C:\\Program Files\\Mozilla Firefox\\firefox.exe" "--marionette" "-foreground" "-no-remote" "-profile" "C:\\Users\\90552\\AppData\\Local\\Temp\\rust_mozprofileCr3HM5"
Can't find symbol 'eglSwapBuffersWithDamageEXT'.
JavaScript error: resource://gre/modules/XULStore.jsm, line 66: Error: Can't find profile directory.
console.warn: SearchSettings: "get: No settings file exists, new profile?" (new Error("", "(unknown module)"))
1603562400408	Marionette	INFO	Listening on port 57406
1603562400643	Marionette	WARN	TLS certificate errors will be ignored for this session
1603562436287	Marionette	INFO	Stopped listening on port 57406

###!!! [Child][RunMessage] Error: Channel closing: too late to send/recv, messages will be lost


###!!! [Child][MessageChannel::SendAndWait] Error: Channel error: cannot send/recv

